<?xml version="1.0" encoding="UTF-8"?>
<!-- Generated by org.testng.reporters.JUnitReportReporter -->
<testsuite skipped="0" hostname="DESKTOP-J9VQ03L" name="runner.TestRunner" tests="1" failures="0" timestamp="2019-10-15T17:29:54 EDT" time="27.601" errors="0">
  <testcase name="feature" time="27.601" classname="runner.TestRunner"/>
</testsuite> <!-- runner.TestRunner -->
